-------------------------------------------------------------------------------
Test set: LoginPageTest
-------------------------------------------------------------------------------
Tests run: 1, Failures: 1, Errors: 0, Skipped: 0, Time elapsed: 8.557 sec <<< FAILURE!
Login(LoginPageTest)  Time elapsed: 0.017 sec  <<< FAILURE!
java.lang.NullPointerException: Cannot invoke "org.openqa.selenium.WebDriver.manage()" because "this.driver" is null
	at LoginPage.Login(LoginPage.java:12)
	at LoginPageTest.Login(LoginPageTest.java:10)

